{
  "numTotalTestSuites": 3,
  "numPassedTestSuites": 3,
  "numFailedTestSuites": 0,
  "numPendingTestSuites": 0,
  "numTotalTests": 6,
  "numPassedTests": 6,
  "numFailedTests": 0,
  "numPendingTests": 0,
  "numTodoTests": 0,
  "snapshot": {
    "added": 0,
    "failure": false,
    "filesAdded": 0,
    "filesRemoved": 0,
    "filesRemovedList": [],
    "filesUnmatched": 0,
    "filesUpdated": 0,
    "matched": 1,
    "total": 1,
    "unchecked": 0,
    "uncheckedKeysByFile": [],
    "unmatched": 0,
    "updated": 0,
    "didUpdate": false
  },
  "startTime": 1736456307686,
  "success": true,
  "testResults": [
    {
      "assertionResults": [
        {
          "ancestorTitles": [],
          "fullName": "Math.sqrt()",
          "status": "passed",
          "title": "Math.sqrt()",
          "duration": 1.025700000000029,
          "failureMessages": [],
          "meta": {}
        },
        {
          "ancestorTitles": [],
          "fullName": "Squared",
          "status": "passed",
          "title": "Squared",
          "duration": 0.21690000000000964,
          "failureMessages": [],
          "meta": {}
        },
        {
          "ancestorTitles": [],
          "fullName": "JSON",
          "status": "passed",
          "title": "JSON",
          "duration": 0.49059999999997217,
          "failureMessages": [],
          "meta": {}
        }
      ],
      "startTime": 1736456308097,
      "endTime": 1736456308099.4905,
      "status": "passed",
      "message": "",
      "name": "C:/Users/danie/OneDrive/Desktop/project/arcgis-maps-sdk-testing/test/basic.test.ts"
    },
    {
      "assertionResults": [
        {
          "ancestorTitles": ["suite name"],
          "fullName": "suite name foo",
          "status": "passed",
          "title": "foo",
          "duration": 0.7201000000000022,
          "failureMessages": [],
          "meta": {}
        },
        {
          "ancestorTitles": ["suite name"],
          "fullName": "suite name bar",
          "status": "passed",
          "title": "bar",
          "duration": 0.3745999999999867,
          "failureMessages": [],
          "meta": {}
        },
        {
          "ancestorTitles": ["suite name"],
          "fullName": "suite name snapshot",
          "status": "passed",
          "title": "snapshot",
          "duration": 1.1526999999999816,
          "failureMessages": [],
          "meta": {}
        }
      ],
      "startTime": 1736456308098,
      "endTime": 1736456308100.1526,
      "status": "passed",
      "message": "",
      "name": "C:/Users/danie/OneDrive/Desktop/project/arcgis-maps-sdk-testing/test/suite.test.ts"
    }
  ]
}
