{
  "numTotalTestSuites": 3,
  "numPassedTestSuites": 3,
  "numFailedTestSuites": 0,
  "numPendingTestSuites": 0,
  "numTotalTests": 6,
  "numPassedTests": 6,
  "numFailedTests": 0,
  "numPendingTests": 0,
  "numTodoTests": 0,
  "snapshot": {
    "added": 0,
    "failure": false,
    "filesAdded": 0,
    "filesRemoved": 0,
    "filesRemovedList": [],
    "filesUnmatched": 0,
    "filesUpdated": 0,
    "matched": 1,
    "total": 1,
    "unchecked": 0,
    "uncheckedKeysByFile": [],
    "unmatched": 0,
    "updated": 0,
    "didUpdate": false
  },
  "startTime": 1736450670715,
  "success": true,
  "testResults": [
    {
      "assertionResults": [
        {
          "ancestorTitles": [],
          "fullName": "Math.sqrt()",
          "status": "passed",
          "title": "Math.sqrt()",
          "duration": 0.9954000000000178,
          "failureMessages": [],
          "meta": {}
        },
        {
          "ancestorTitles": [],
          "fullName": "Squared",
          "status": "passed",
          "title": "Squared",
          "duration": 0.20029999999997017,
          "failureMessages": [],
          "meta": {}
        },
        {
          "ancestorTitles": [],
          "fullName": "JSON",
          "status": "passed",
          "title": "JSON",
          "duration": 0.5,
          "failureMessages": [],
          "meta": {}
        }
      ],
      "startTime": 1736450671062,
      "endTime": 1736450671064.5,
      "status": "passed",
      "message": "",
      "name": "C:/Users/danie/OneDrive/Desktop/project/arcgis-maps-sdk-testing/test/basic.test.ts"
    },
    {
      "assertionResults": [
        {
          "ancestorTitles": ["suite name"],
          "fullName": "suite name foo",
          "status": "passed",
          "title": "foo",
          "duration": 0.7008000000000152,
          "failureMessages": [],
          "meta": {}
        },
        {
          "ancestorTitles": ["suite name"],
          "fullName": "suite name bar",
          "status": "passed",
          "title": "bar",
          "duration": 0.40459999999995944,
          "failureMessages": [],
          "meta": {}
        },
        {
          "ancestorTitles": ["suite name"],
          "fullName": "suite name snapshot",
          "status": "passed",
          "title": "snapshot",
          "duration": 1.2226,
          "failureMessages": [],
          "meta": {}
        }
      ],
      "startTime": 1736450671061,
      "endTime": 1736450671063.2227,
      "status": "passed",
      "message": "",
      "name": "C:/Users/danie/OneDrive/Desktop/project/arcgis-maps-sdk-testing/test/suite.test.ts"
    }
  ]
}
